<?xml version="1.0" encoding="UTF-8"?>
<testng-results skipped="0" failed="7" total="76" passed="69">
  <reporter-output>
    <line>
      <![CDATA[About to begin executing Suite Suite]]>
    </line>
    <line>
      <![CDATA[About to begin executing following method : BaseEngine.openBrowser]]>
    </line>
    <line>
      <![CDATA[Completed executing following method : BaseEngine.openBrowser]]>
    </line>
    <line>
      <![CDATA[About to begin executing Test Test]]>
    </line>
    <line>
      <![CDATA[About to begin executing following method : BaseEngine.intialiseReports]]>
    </line>
    <line>
      <![CDATA[Completed executing following method : BaseEngine.intialiseReports]]>
    </line>
    <line>
      <![CDATA[About to begin executing following method : BaseEngine.beforeMethodExecution]]>
    </line>
    <line>
      <![CDATA[Completed executing following method : BaseEngine.beforeMethodExecution]]>
    </line>
    <line>
      <![CDATA[About to begin executing following method : URLBrowserTest.verifyBrowserOpen]]>
    </line>
    <line>
      <![CDATA[Completed executing following method : URLBrowserTest.verifyBrowserOpen]]>
    </line>
    <line>
      <![CDATA[Test Method resides in com.focus.testcases.URLBrowserTest]]>
    </line>
    <line>
      <![CDATA[Test Status: Pass]]>
    </line>
    <line>
      <![CDATA[About to begin executing following method : BaseEngine.afterMethodExecution]]>
    </line>
    <line>
      <![CDATA[Completed executing following method : BaseEngine.afterMethodExecution]]>
    </line>
    <line>
      <![CDATA[About to begin executing following method : BaseEngine.beforeMethodExecution]]>
    </line>
    <line>
      <![CDATA[Completed executing following method : BaseEngine.beforeMethodExecution]]>
    </line>
    <line>
      <![CDATA[About to begin executing following method : URLBrowserTest.checkLoginPageTitleByURLInputInBrowser]]>
    </line>
    <line>
      <![CDATA[Completed executing following method : URLBrowserTest.checkLoginPageTitleByURLInputInBrowser]]>
    </line>
    <line>
      <![CDATA[Test Method resides in com.focus.testcases.URLBrowserTest]]>
    </line>
    <line>
      <![CDATA[Test Status: Pass]]>
    </line>
    <line>
      <![CDATA[About to begin executing following method : BaseEngine.afterMethodExecution]]>
    </line>
    <line>
      <![CDATA[Completed executing following method : BaseEngine.afterMethodExecution]]>
    </line>
    <line>
      <![CDATA[About to begin executing following method : BaseEngine.beforeMethodExecution]]>
    </line>
    <line>
      <![CDATA[Completed executing following method : BaseEngine.beforeMethodExecution]]>
    </line>
    <line>
      <![CDATA[About to begin executing following method : FooterValuesAndBarcodeValidationTest.checkLogin]]>
    </line>
    <line>
      <![CDATA[Completed executing following method : FooterValuesAndBarcodeValidationTest.checkLogin]]>
    </line>
    <line>
      <![CDATA[Test Method resides in com.focus.testcases.FooterValuesAndBarcodeValidationTest]]>
    </line>
    <line>
      <![CDATA[Test Status: Pass]]>
    </line>
    <line>
      <![CDATA[About to begin executing following method : BaseEngine.afterMethodExecution]]>
    </line>
    <line>
      <![CDATA[Completed executing following method : BaseEngine.afterMethodExecution]]>
    </line>
    <line>
      <![CDATA[About to begin executing following method : BaseEngine.beforeMethodExecution]]>
    </line>
    <line>
      <![CDATA[Completed executing following method : BaseEngine.beforeMethodExecution]]>
    </line>
    <line>
      <![CDATA[About to begin executing following method : FooterValuesAndBarcodeValidationTest.checkSavingSalesInvoiceNewVoucherWithRow1InBodyGrid]]>
    </line>
    <line>
      <![CDATA[Completed executing following method : FooterValuesAndBarcodeValidationTest.checkSavingSalesInvoiceNewVoucherWithRow1InBodyGrid]]>
    </line>
    <line>
      <![CDATA[Test Method resides in com.focus.testcases.FooterValuesAndBarcodeValidationTest]]>
    </line>
    <line>
      <![CDATA[Test Status: Pass]]>
    </line>
    <line>
      <![CDATA[About to begin executing following method : BaseEngine.afterMethodExecution]]>
    </line>
    <line>
      <![CDATA[Completed executing following method : BaseEngine.afterMethodExecution]]>
    </line>
    <line>
      <![CDATA[About to begin executing following method : BaseEngine.beforeMethodExecution]]>
    </line>
    <line>
      <![CDATA[Completed executing following method : BaseEngine.beforeMethodExecution]]>
    </line>
    <line>
      <![CDATA[About to begin executing following method : FooterValuesAndBarcodeValidationTest.checkEditingSavedSalesNewVoucherByAddingRow2]]>
    </line>
    <line>
      <![CDATA[Completed executing following method : FooterValuesAndBarcodeValidationTest.checkEditingSavedSalesNewVoucherByAddingRow2]]>
    </line>
    <line>
      <![CDATA[Test Method resides in com.focus.testcases.FooterValuesAndBarcodeValidationTest]]>
    </line>
    <line>
      <![CDATA[Test Status: Pass]]>
    </line>
    <line>
      <![CDATA[About to begin executing following method : BaseEngine.afterMethodExecution]]>
    </line>
    <line>
      <![CDATA[Completed executing following method : BaseEngine.afterMethodExecution]]>
    </line>
    <line>
      <![CDATA[About to begin executing following method : BaseEngine.beforeMethodExecution]]>
    </line>
    <line>
      <![CDATA[Completed executing following method : BaseEngine.beforeMethodExecution]]>
    </line>
    <line>
      <![CDATA[About to begin executing following method : FooterValuesAndBarcodeValidationTest.checkEditingSavedSalesNewVoucherWithIgstValueDeduction]]>
    </line>
    <line>
      <![CDATA[Completed executing following method : FooterValuesAndBarcodeValidationTest.checkEditingSavedSalesNewVoucherWithIgstValueDeduction]]>
    </line>
    <line>
      <![CDATA[Test Method resides in com.focus.testcases.FooterValuesAndBarcodeValidationTest]]>
    </line>
    <line>
      <![CDATA[Test Status: Pass]]>
    </line>
    <line>
      <![CDATA[About to begin executing following method : BaseEngine.afterMethodExecution]]>
    </line>
    <line>
      <![CDATA[Completed executing following method : BaseEngine.afterMethodExecution]]>
    </line>
    <line>
      <![CDATA[About to begin executing following method : BaseEngine.beforeMethodExecution]]>
    </line>
    <line>
      <![CDATA[Completed executing following method : BaseEngine.beforeMethodExecution]]>
    </line>
    <line>
      <![CDATA[About to begin executing following method : FooterValuesAndBarcodeValidationTest.checkSaveSalesInvoiceNewVoucherWithDecimalValueRates]]>
    </line>
    <line>
      <![CDATA[Completed executing following method : FooterValuesAndBarcodeValidationTest.checkSaveSalesInvoiceNewVoucherWithDecimalValueRates]]>
    </line>
    <line>
      <![CDATA[Test Method resides in com.focus.testcases.FooterValuesAndBarcodeValidationTest]]>
    </line>
    <line>
      <![CDATA[Test Status: Pass]]>
    </line>
    <line>
      <![CDATA[About to begin executing following method : BaseEngine.afterMethodExecution]]>
    </line>
    <line>
      <![CDATA[Completed executing following method : BaseEngine.afterMethodExecution]]>
    </line>
    <line>
      <![CDATA[About to begin executing following method : BaseEngine.beforeMethodExecution]]>
    </line>
    <line>
      <![CDATA[Completed executing following method : BaseEngine.beforeMethodExecution]]>
    </line>
    <line>
      <![CDATA[About to begin executing following method : FooterValuesAndBarcodeValidationTest.checkFieldPostToAccountInPurchaseVouchers]]>
    </line>
    <line>
      <![CDATA[Completed executing following method : FooterValuesAndBarcodeValidationTest.checkFieldPostToAccountInPurchaseVouchers]]>
    </line>
    <line>
      <![CDATA[Test Method resides in com.focus.testcases.FooterValuesAndBarcodeValidationTest]]>
    </line>
    <line>
      <![CDATA[Test Status: Pass]]>
    </line>
    <line>
      <![CDATA[About to begin executing following method : BaseEngine.afterMethodExecution]]>
    </line>
    <line>
      <![CDATA[Completed executing following method : BaseEngine.afterMethodExecution]]>
    </line>
    <line>
      <![CDATA[About to begin executing following method : BaseEngine.beforeMethodExecution]]>
    </line>
    <line>
      <![CDATA[Completed executing following method : BaseEngine.beforeMethodExecution]]>
    </line>
    <line>
      <![CDATA[About to begin executing following method : FooterValuesAndBarcodeValidationTest.checksavePurchaseVouchers]]>
    </line>
    <line>
      <![CDATA[Completed executing following method : FooterValuesAndBarcodeValidationTest.checksavePurchaseVouchers]]>
    </line>
    <line>
      <![CDATA[Test Method resides in com.focus.testcases.FooterValuesAndBarcodeValidationTest]]>
    </line>
    <line>
      <![CDATA[Test Status: Failed]]>
    </line>
    <line>
      <![CDATA[About to begin executing following method : BaseEngine.afterMethodExecution]]>
    </line>
    <line>
      <![CDATA[Completed executing following method : BaseEngine.afterMethodExecution]]>
    </line>
    <line>
      <![CDATA[About to begin executing following method : BaseEngine.beforeMethodExecution]]>
    </line>
    <line>
      <![CDATA[Completed executing following method : BaseEngine.beforeMethodExecution]]>
    </line>
    <line>
      <![CDATA[About to begin executing following method : FooterValuesAndBarcodeValidationTest.checkDefinedStandardRateForSTDItem]]>
    </line>
    <line>
      <![CDATA[Completed executing following method : FooterValuesAndBarcodeValidationTest.checkDefinedStandardRateForSTDItem]]>
    </line>
    <line>
      <![CDATA[Test Method resides in com.focus.testcases.FooterValuesAndBarcodeValidationTest]]>
    </line>
    <line>
      <![CDATA[Test Status: Pass]]>
    </line>
    <line>
      <![CDATA[About to begin executing following method : BaseEngine.afterMethodExecution]]>
    </line>
    <line>
      <![CDATA[Completed executing following method : BaseEngine.afterMethodExecution]]>
    </line>
    <line>
      <![CDATA[About to begin executing following method : BaseEngine.beforeMethodExecution]]>
    </line>
    <line>
      <![CDATA[Completed executing following method : BaseEngine.beforeMethodExecution]]>
    </line>
    <line>
      <![CDATA[About to begin executing following method : FooterValuesAndBarcodeValidationTest.checkPurchaseVarianceInPostingDetailsForSTDItem]]>
    </line>
    <line>
      <![CDATA[Completed executing following method : FooterValuesAndBarcodeValidationTest.checkPurchaseVarianceInPostingDetailsForSTDItem]]>
    </line>
    <line>
      <![CDATA[Test Method resides in com.focus.testcases.FooterValuesAndBarcodeValidationTest]]>
    </line>
    <line>
      <![CDATA[Test Status: Pass]]>
    </line>
    <line>
      <![CDATA[About to begin executing following method : BaseEngine.afterMethodExecution]]>
    </line>
    <line>
      <![CDATA[Completed executing following method : BaseEngine.afterMethodExecution]]>
    </line>
    <line>
      <![CDATA[About to begin executing following method : BaseEngine.beforeMethodExecution]]>
    </line>
    <line>
      <![CDATA[Completed executing following method : BaseEngine.beforeMethodExecution]]>
    </line>
    <line>
      <![CDATA[About to begin executing following method : FooterValuesAndBarcodeValidationTest.checkPurchaseVarianceInPostingDeatilsByGivingExactStandardRate]]>
    </line>
    <line>
      <![CDATA[Completed executing following method : FooterValuesAndBarcodeValidationTest.checkPurchaseVarianceInPostingDeatilsByGivingExactStandardRate]]>
    </line>
    <line>
      <![CDATA[Test Method resides in com.focus.testcases.FooterValuesAndBarcodeValidationTest]]>
    </line>
    <line>
      <![CDATA[Test Status: Pass]]>
    </line>
    <line>
      <![CDATA[About to begin executing following method : BaseEngine.afterMethodExecution]]>
    </line>
    <line>
      <![CDATA[Completed executing following method : BaseEngine.afterMethodExecution]]>
    </line>
    <line>
      <![CDATA[About to begin executing following method : BaseEngine.beforeMethodExecution]]>
    </line>
    <line>
      <![CDATA[Completed executing following method : BaseEngine.beforeMethodExecution]]>
    </line>
    <line>
      <![CDATA[About to begin executing following method : FooterValuesAndBarcodeValidationTest.checkAvailableOptionsBarCodeDefinition]]>
    </line>
    <line>
      <![CDATA[Completed executing following method : FooterValuesAndBarcodeValidationTest.checkAvailableOptionsBarCodeDefinition]]>
    </line>
    <line>
      <![CDATA[Test Method resides in com.focus.testcases.FooterValuesAndBarcodeValidationTest]]>
    </line>
    <line>
      <![CDATA[Test Status: Pass]]>
    </line>
    <line>
      <![CDATA[About to begin executing following method : BaseEngine.afterMethodExecution]]>
    </line>
    <line>
      <![CDATA[Completed executing following method : BaseEngine.afterMethodExecution]]>
    </line>
    <line>
      <![CDATA[About to begin executing following method : BaseEngine.beforeMethodExecution]]>
    </line>
    <line>
      <![CDATA[Completed executing following method : BaseEngine.beforeMethodExecution]]>
    </line>
    <line>
      <![CDATA[About to begin executing following method : FooterValuesAndBarcodeValidationTest.checkSaveBarcodeDefinitionWithoutTemplateName]]>
    </line>
    <line>
      <![CDATA[Completed executing following method : FooterValuesAndBarcodeValidationTest.checkSaveBarcodeDefinitionWithoutTemplateName]]>
    </line>
    <line>
      <![CDATA[Test Method resides in com.focus.testcases.FooterValuesAndBarcodeValidationTest]]>
    </line>
    <line>
      <![CDATA[Test Status: Pass]]>
    </line>
    <line>
      <![CDATA[About to begin executing following method : BaseEngine.afterMethodExecution]]>
    </line>
    <line>
      <![CDATA[Completed executing following method : BaseEngine.afterMethodExecution]]>
    </line>
    <line>
      <![CDATA[About to begin executing following method : BaseEngine.beforeMethodExecution]]>
    </line>
    <line>
      <![CDATA[Completed executing following method : BaseEngine.beforeMethodExecution]]>
    </line>
    <line>
      <![CDATA[About to begin executing following method : FooterValuesAndBarcodeValidationTest.checksaveDefinitionWithoutSelectingFields]]>
    </line>
    <line>
      <![CDATA[Completed executing following method : FooterValuesAndBarcodeValidationTest.checksaveDefinitionWithoutSelectingFields]]>
    </line>
    <line>
      <![CDATA[Test Method resides in com.focus.testcases.FooterValuesAndBarcodeValidationTest]]>
    </line>
    <line>
      <![CDATA[Test Status: Pass]]>
    </line>
    <line>
      <![CDATA[About to begin executing following method : BaseEngine.afterMethodExecution]]>
    </line>
    <line>
      <![CDATA[Completed executing following method : BaseEngine.afterMethodExecution]]>
    </line>
    <line>
      <![CDATA[About to begin executing following method : BaseEngine.beforeMethodExecution]]>
    </line>
    <line>
      <![CDATA[Completed executing following method : BaseEngine.beforeMethodExecution]]>
    </line>
    <line>
      <![CDATA[About to begin executing following method : FooterValuesAndBarcodeValidationTest.checkSaveBarcodeDefinitionWithAllInputs]]>
    </line>
    <line>
      <![CDATA[Completed executing following method : FooterValuesAndBarcodeValidationTest.checkSaveBarcodeDefinitionWithAllInputs]]>
    </line>
    <line>
      <![CDATA[Test Method resides in com.focus.testcases.FooterValuesAndBarcodeValidationTest]]>
    </line>
    <line>
      <![CDATA[Test Status: Pass]]>
    </line>
    <line>
      <![CDATA[About to begin executing following method : BaseEngine.afterMethodExecution]]>
    </line>
    <line>
      <![CDATA[Completed executing following method : BaseEngine.afterMethodExecution]]>
    </line>
    <line>
      <![CDATA[About to begin executing following method : BaseEngine.beforeMethodExecution]]>
    </line>
    <line>
      <![CDATA[Completed executing following method : BaseEngine.beforeMethodExecution]]>
    </line>
    <line>
      <![CDATA[About to begin executing following method : FooterValuesAndBarcodeValidationTest.checkCreateNewMRNVoucher]]>
    </line>
    <line>
      <![CDATA[Completed executing following method : FooterValuesAndBarcodeValidationTest.checkCreateNewMRNVoucher]]>
    </line>
    <line>
      <![CDATA[Test Method resides in com.focus.testcases.FooterValuesAndBarcodeValidationTest]]>
    </line>
    <line>
      <![CDATA[Test Status: Pass]]>
    </line>
    <line>
      <![CDATA[About to begin executing following method : BaseEngine.afterMethodExecution]]>
    </line>
    <line>
      <![CDATA[Completed executing following method : BaseEngine.afterMethodExecution]]>
    </line>
    <line>
      <![CDATA[About to begin executing following method : BaseEngine.beforeMethodExecution]]>
    </line>
    <line>
      <![CDATA[Completed executing following method : BaseEngine.beforeMethodExecution]]>
    </line>
    <line>
      <![CDATA[About to begin executing following method : FooterValuesAndBarcodeValidationTest.checkSaveBarcodeVoucherWithBatchItem]]>
    </line>
    <line>
      <![CDATA[Completed executing following method : FooterValuesAndBarcodeValidationTest.checkSaveBarcodeVoucherWithBatchItem]]>
    </line>
    <line>
      <![CDATA[Test Method resides in com.focus.testcases.FooterValuesAndBarcodeValidationTest]]>
    </line>
    <line>
      <![CDATA[Test Status: Pass]]>
    </line>
    <line>
      <![CDATA[About to begin executing following method : BaseEngine.afterMethodExecution]]>
    </line>
    <line>
      <![CDATA[Completed executing following method : BaseEngine.afterMethodExecution]]>
    </line>
    <line>
      <![CDATA[About to begin executing following method : BaseEngine.beforeMethodExecution]]>
    </line>
    <line>
      <![CDATA[Completed executing following method : BaseEngine.beforeMethodExecution]]>
    </line>
    <line>
      <![CDATA[About to begin executing following method : FooterValuesAndBarcodeValidationTest.checkCreateLayoutForBarCode]]>
    </line>
    <line>
      <![CDATA[Completed executing following method : FooterValuesAndBarcodeValidationTest.checkCreateLayoutForBarCode]]>
    </line>
    <line>
      <![CDATA[Test Method resides in com.focus.testcases.FooterValuesAndBarcodeValidationTest]]>
    </line>
    <line>
      <![CDATA[Test Status: Pass]]>
    </line>
    <line>
      <![CDATA[About to begin executing following method : BaseEngine.afterMethodExecution]]>
    </line>
    <line>
      <![CDATA[Completed executing following method : BaseEngine.afterMethodExecution]]>
    </line>
    <line>
      <![CDATA[About to begin executing following method : BaseEngine.beforeMethodExecution]]>
    </line>
    <line>
      <![CDATA[Completed executing following method : BaseEngine.beforeMethodExecution]]>
    </line>
    <line>
      <![CDATA[About to begin executing following method : FooterValuesAndBarcodeValidationTest.checkChangeFieldPropertiesInBarcodeLayout]]>
    </line>
    <line>
      <![CDATA[Completed executing following method : FooterValuesAndBarcodeValidationTest.checkChangeFieldPropertiesInBarcodeLayout]]>
    </line>
    <line>
      <![CDATA[Test Method resides in com.focus.testcases.FooterValuesAndBarcodeValidationTest]]>
    </line>
    <line>
      <![CDATA[Test Status: Pass]]>
    </line>
    <line>
      <![CDATA[About to begin executing following method : BaseEngine.afterMethodExecution]]>
    </line>
    <line>
      <![CDATA[Completed executing following method : BaseEngine.afterMethodExecution]]>
    </line>
    <line>
      <![CDATA[About to begin executing following method : BaseEngine.beforeMethodExecution]]>
    </line>
    <line>
      <![CDATA[Completed executing following method : BaseEngine.beforeMethodExecution]]>
    </line>
    <line>
      <![CDATA[About to begin executing following method : FooterValuesAndBarcodeValidationTest.checkPrintBarcodePopupFields]]>
    </line>
    <line>
      <![CDATA[Completed executing following method : FooterValuesAndBarcodeValidationTest.checkPrintBarcodePopupFields]]>
    </line>
    <line>
      <![CDATA[Test Method resides in com.focus.testcases.FooterValuesAndBarcodeValidationTest]]>
    </line>
    <line>
      <![CDATA[Test Status: Pass]]>
    </line>
    <line>
      <![CDATA[About to begin executing following method : BaseEngine.afterMethodExecution]]>
    </line>
    <line>
      <![CDATA[Completed executing following method : BaseEngine.afterMethodExecution]]>
    </line>
    <line>
      <![CDATA[About to begin executing following method : BaseEngine.beforeMethodExecution]]>
    </line>
    <line>
      <![CDATA[Completed executing following method : BaseEngine.beforeMethodExecution]]>
    </line>
    <line>
      <![CDATA[About to begin executing following method : FooterValuesAndBarcodeValidationTest.checkPrintBarcodeIntoPDFandValidatePDF]]>
    </line>
    <line>
      <![CDATA[Completed executing following method : FooterValuesAndBarcodeValidationTest.checkPrintBarcodeIntoPDFandValidatePDF]]>
    </line>
    <line>
      <![CDATA[Test Method resides in com.focus.testcases.FooterValuesAndBarcodeValidationTest]]>
    </line>
    <line>
      <![CDATA[Test Status: Failed]]>
    </line>
    <line>
      <![CDATA[About to begin executing following method : BaseEngine.afterMethodExecution]]>
    </line>
    <line>
      <![CDATA[Completed executing following method : BaseEngine.afterMethodExecution]]>
    </line>
    <line>
      <![CDATA[About to begin executing following method : BaseEngine.beforeMethodExecution]]>
    </line>
    <line>
      <![CDATA[Completed executing following method : BaseEngine.beforeMethodExecution]]>
    </line>
    <line>
      <![CDATA[About to begin executing following method : FooterValuesAndBarcodeValidationTest.checkPrintBarcodePrintingWithManualQuantityPick]]>
    </line>
    <line>
      <![CDATA[Completed executing following method : FooterValuesAndBarcodeValidationTest.checkPrintBarcodePrintingWithManualQuantityPick]]>
    </line>
    <line>
      <![CDATA[Test Method resides in com.focus.testcases.FooterValuesAndBarcodeValidationTest]]>
    </line>
    <line>
      <![CDATA[Test Status: Pass]]>
    </line>
    <line>
      <![CDATA[About to begin executing following method : BaseEngine.afterMethodExecution]]>
    </line>
    <line>
      <![CDATA[Completed executing following method : BaseEngine.afterMethodExecution]]>
    </line>
    <line>
      <![CDATA[About to begin executing following method : BaseEngine.beforeMethodExecution]]>
    </line>
    <line>
      <![CDATA[Completed executing following method : BaseEngine.beforeMethodExecution]]>
    </line>
    <line>
      <![CDATA[About to begin executing following method : FooterValuesAndBarcodeValidationTest.checkPrintBarcodePrintingWithItemSelection]]>
    </line>
    <line>
      <![CDATA[Completed executing following method : FooterValuesAndBarcodeValidationTest.checkPrintBarcodePrintingWithItemSelection]]>
    </line>
    <line>
      <![CDATA[Test Method resides in com.focus.testcases.FooterValuesAndBarcodeValidationTest]]>
    </line>
    <line>
      <![CDATA[Test Status: Failed]]>
    </line>
    <line>
      <![CDATA[About to begin executing following method : BaseEngine.afterMethodExecution]]>
    </line>
    <line>
      <![CDATA[Completed executing following method : BaseEngine.afterMethodExecution]]>
    </line>
    <line>
      <![CDATA[About to begin executing following method : BaseEngine.beforeMethodExecution]]>
    </line>
    <line>
      <![CDATA[Completed executing following method : BaseEngine.beforeMethodExecution]]>
    </line>
    <line>
      <![CDATA[About to begin executing following method : FooterValuesAndBarcodeValidationTest.checkBarcodeIsbeenScannedInDeliveryNotesVoucher]]>
    </line>
    <line>
      <![CDATA[Completed executing following method : FooterValuesAndBarcodeValidationTest.checkBarcodeIsbeenScannedInDeliveryNotesVoucher]]>
    </line>
    <line>
      <![CDATA[Test Method resides in com.focus.testcases.FooterValuesAndBarcodeValidationTest]]>
    </line>
    <line>
      <![CDATA[Test Status: Pass]]>
    </line>
    <line>
      <![CDATA[About to begin executing following method : BaseEngine.afterMethodExecution]]>
    </line>
    <line>
      <![CDATA[Completed executing following method : BaseEngine.afterMethodExecution]]>
    </line>
    <line>
      <![CDATA[About to begin executing following method : BaseEngine.beforeMethodExecution]]>
    </line>
    <line>
      <![CDATA[Completed executing following method : BaseEngine.beforeMethodExecution]]>
    </line>
    <line>
      <![CDATA[About to begin executing following method : FooterValuesAndBarcodeValidationTest.checkCreateProfileWithHomeFinancialsReportRestrictions]]>
    </line>
    <line>
      <![CDATA[Completed executing following method : FooterValuesAndBarcodeValidationTest.checkCreateProfileWithHomeFinancialsReportRestrictions]]>
    </line>
    <line>
      <![CDATA[Test Method resides in com.focus.testcases.FooterValuesAndBarcodeValidationTest]]>
    </line>
    <line>
      <![CDATA[Test Status: Pass]]>
    </line>
    <line>
      <![CDATA[About to begin executing following method : BaseEngine.afterMethodExecution]]>
    </line>
    <line>
      <![CDATA[Completed executing following method : BaseEngine.afterMethodExecution]]>
    </line>
    <line>
      <![CDATA[About to begin executing following method : BaseEngine.beforeMethodExecution]]>
    </line>
    <line>
      <![CDATA[Completed executing following method : BaseEngine.beforeMethodExecution]]>
    </line>
    <line>
      <![CDATA[About to begin executing following method : FooterValuesAndBarcodeValidationTest.checkSavedProfileWithUnselectedRestrictions]]>
    </line>
    <line>
      <![CDATA[Completed executing following method : FooterValuesAndBarcodeValidationTest.checkSavedProfileWithUnselectedRestrictions]]>
    </line>
    <line>
      <![CDATA[Test Method resides in com.focus.testcases.FooterValuesAndBarcodeValidationTest]]>
    </line>
    <line>
      <![CDATA[Test Status: Pass]]>
    </line>
    <line>
      <![CDATA[About to begin executing following method : BaseEngine.afterMethodExecution]]>
    </line>
    <line>
      <![CDATA[Completed executing following method : BaseEngine.afterMethodExecution]]>
    </line>
    <line>
      <![CDATA[About to begin executing following method : BaseEngine.beforeMethodExecution]]>
    </line>
    <line>
      <![CDATA[Completed executing following method : BaseEngine.beforeMethodExecution]]>
    </line>
    <line>
      <![CDATA[About to begin executing following method : FooterValuesAndBarcodeValidationTest.checkSaveRoleWithCreatedProfileForRestrictions]]>
    </line>
    <line>
      <![CDATA[Completed executing following method : FooterValuesAndBarcodeValidationTest.checkSaveRoleWithCreatedProfileForRestrictions]]>
    </line>
    <line>
      <![CDATA[Test Method resides in com.focus.testcases.FooterValuesAndBarcodeValidationTest]]>
    </line>
    <line>
      <![CDATA[Test Status: Pass]]>
    </line>
    <line>
      <![CDATA[About to begin executing following method : BaseEngine.afterMethodExecution]]>
    </line>
    <line>
      <![CDATA[Completed executing following method : BaseEngine.afterMethodExecution]]>
    </line>
    <line>
      <![CDATA[About to begin executing following method : BaseEngine.beforeMethodExecution]]>
    </line>
    <line>
      <![CDATA[Completed executing following method : BaseEngine.beforeMethodExecution]]>
    </line>
    <line>
      <![CDATA[About to begin executing following method : FooterValuesAndBarcodeValidationTest.checkUserCreationForCreatedRoleForRestrictions]]>
    </line>
    <line>
      <![CDATA[Completed executing following method : FooterValuesAndBarcodeValidationTest.checkUserCreationForCreatedRoleForRestrictions]]>
    </line>
    <line>
      <![CDATA[Test Method resides in com.focus.testcases.FooterValuesAndBarcodeValidationTest]]>
    </line>
    <line>
      <![CDATA[Test Status: Pass]]>
    </line>
    <line>
      <![CDATA[About to begin executing following method : BaseEngine.afterMethodExecution]]>
    </line>
    <line>
      <![CDATA[Completed executing following method : BaseEngine.afterMethodExecution]]>
    </line>
    <line>
      <![CDATA[About to begin executing following method : BaseEngine.beforeMethodExecution]]>
    </line>
    <line>
      <![CDATA[Completed executing following method : BaseEngine.beforeMethodExecution]]>
    </line>
    <line>
      <![CDATA[About to begin executing following method : FooterValuesAndBarcodeValidationTest.checkLogoutAndLogoutWithCrestedUser]]>
    </line>
    <line>
      <![CDATA[Completed executing following method : FooterValuesAndBarcodeValidationTest.checkLogoutAndLogoutWithCrestedUser]]>
    </line>
    <line>
      <![CDATA[Test Method resides in com.focus.testcases.FooterValuesAndBarcodeValidationTest]]>
    </line>
    <line>
      <![CDATA[Test Status: Pass]]>
    </line>
    <line>
      <![CDATA[About to begin executing following method : BaseEngine.afterMethodExecution]]>
    </line>
    <line>
      <![CDATA[Completed executing following method : BaseEngine.afterMethodExecution]]>
    </line>
    <line>
      <![CDATA[About to begin executing following method : BaseEngine.beforeMethodExecution]]>
    </line>
    <line>
      <![CDATA[Completed executing following method : BaseEngine.beforeMethodExecution]]>
    </line>
    <line>
      <![CDATA[About to begin executing following method : FooterValuesAndBarcodeValidationTest.checkMenuSelectedInProfileAreReflectingInUserLevel]]>
    </line>
    <line>
      <![CDATA[Completed executing following method : FooterValuesAndBarcodeValidationTest.checkMenuSelectedInProfileAreReflectingInUserLevel]]>
    </line>
    <line>
      <![CDATA[Test Method resides in com.focus.testcases.FooterValuesAndBarcodeValidationTest]]>
    </line>
    <line>
      <![CDATA[Test Status: Pass]]>
    </line>
    <line>
      <![CDATA[About to begin executing following method : BaseEngine.afterMethodExecution]]>
    </line>
    <line>
      <![CDATA[Completed executing following method : BaseEngine.afterMethodExecution]]>
    </line>
    <line>
      <![CDATA[About to begin executing following method : BaseEngine.beforeMethodExecution]]>
    </line>
    <line>
      <![CDATA[Completed executing following method : BaseEngine.beforeMethodExecution]]>
    </line>
    <line>
      <![CDATA[About to begin executing following method : FooterValuesAndBarcodeValidationTest.checkValidateAccountVisibilityInUserLevel]]>
    </line>
    <line>
      <![CDATA[Completed executing following method : FooterValuesAndBarcodeValidationTest.checkValidateAccountVisibilityInUserLevel]]>
    </line>
    <line>
      <![CDATA[Test Method resides in com.focus.testcases.FooterValuesAndBarcodeValidationTest]]>
    </line>
    <line>
      <![CDATA[Test Status: Pass]]>
    </line>
    <line>
      <![CDATA[About to begin executing following method : BaseEngine.afterMethodExecution]]>
    </line>
    <line>
      <![CDATA[Completed executing following method : BaseEngine.afterMethodExecution]]>
    </line>
    <line>
      <![CDATA[About to begin executing following method : BaseEngine.beforeMethodExecution]]>
    </line>
    <line>
      <![CDATA[Completed executing following method : BaseEngine.beforeMethodExecution]]>
    </line>
    <line>
      <![CDATA[About to begin executing following method : FooterValuesAndBarcodeValidationTest.checkPurchaseVoucherVATVisibilityInPurchasesMenuInUserLevel]]>
    </line>
    <line>
      <![CDATA[Completed executing following method : FooterValuesAndBarcodeValidationTest.checkPurchaseVoucherVATVisibilityInPurchasesMenuInUserLevel]]>
    </line>
    <line>
      <![CDATA[Test Method resides in com.focus.testcases.FooterValuesAndBarcodeValidationTest]]>
    </line>
    <line>
      <![CDATA[Test Status: Pass]]>
    </line>
    <line>
      <![CDATA[About to begin executing following method : BaseEngine.afterMethodExecution]]>
    </line>
    <line>
      <![CDATA[Completed executing following method : BaseEngine.afterMethodExecution]]>
    </line>
    <line>
      <![CDATA[About to begin executing following method : BaseEngine.beforeMethodExecution]]>
    </line>
    <line>
      <![CDATA[Completed executing following method : BaseEngine.beforeMethodExecution]]>
    </line>
    <line>
      <![CDATA[About to begin executing following method : FooterValuesAndBarcodeValidationTest.checkStockLedgerVisibilityInReports]]>
    </line>
    <line>
      <![CDATA[Completed executing following method : FooterValuesAndBarcodeValidationTest.checkStockLedgerVisibilityInReports]]>
    </line>
    <line>
      <![CDATA[Test Method resides in com.focus.testcases.FooterValuesAndBarcodeValidationTest]]>
    </line>
    <line>
      <![CDATA[Test Status: Pass]]>
    </line>
    <line>
      <![CDATA[About to begin executing following method : BaseEngine.afterMethodExecution]]>
    </line>
    <line>
      <![CDATA[Completed executing following method : BaseEngine.afterMethodExecution]]>
    </line>
    <line>
      <![CDATA[About to begin executing following method : BaseEngine.beforeMethodExecution]]>
    </line>
    <line>
      <![CDATA[Completed executing following method : BaseEngine.beforeMethodExecution]]>
    </line>
    <line>
      <![CDATA[About to begin executing following method : FooterValuesAndBarcodeValidationTest.checkLogoutAndLoginWithSU]]>
    </line>
    <line>
      <![CDATA[Completed executing following method : FooterValuesAndBarcodeValidationTest.checkLogoutAndLoginWithSU]]>
    </line>
    <line>
      <![CDATA[Test Method resides in com.focus.testcases.FooterValuesAndBarcodeValidationTest]]>
    </line>
    <line>
      <![CDATA[Test Status: Pass]]>
    </line>
    <line>
      <![CDATA[About to begin executing following method : BaseEngine.afterMethodExecution]]>
    </line>
    <line>
      <![CDATA[Completed executing following method : BaseEngine.afterMethodExecution]]>
    </line>
    <line>
      <![CDATA[About to begin executing following method : BaseEngine.beforeMethodExecution]]>
    </line>
    <line>
      <![CDATA[Completed executing following method : BaseEngine.beforeMethodExecution]]>
    </line>
    <line>
      <![CDATA[About to begin executing following method : FooterValuesAndBarcodeValidationTest.checkGiveAccessandShowHomePageAccessToAccountInTestRestrictionProfile]]>
    </line>
    <line>
      <![CDATA[Completed executing following method : FooterValuesAndBarcodeValidationTest.checkGiveAccessandShowHomePageAccessToAccountInTestRestrictionProfile]]>
    </line>
    <line>
      <![CDATA[Test Method resides in com.focus.testcases.FooterValuesAndBarcodeValidationTest]]>
    </line>
    <line>
      <![CDATA[Test Status: Pass]]>
    </line>
    <line>
      <![CDATA[About to begin executing following method : BaseEngine.afterMethodExecution]]>
    </line>
    <line>
      <![CDATA[Completed executing following method : BaseEngine.afterMethodExecution]]>
    </line>
    <line>
      <![CDATA[About to begin executing following method : BaseEngine.beforeMethodExecution]]>
    </line>
    <line>
      <![CDATA[Completed executing following method : BaseEngine.beforeMethodExecution]]>
    </line>
    <line>
      <![CDATA[About to begin executing following method : FooterValuesAndBarcodeValidationTest.checkGiveAccessandShowHomePageAccessToPVVATInTestRestrictionProfile]]>
    </line>
    <line>
      <![CDATA[Completed executing following method : FooterValuesAndBarcodeValidationTest.checkGiveAccessandShowHomePageAccessToPVVATInTestRestrictionProfile]]>
    </line>
    <line>
      <![CDATA[Test Method resides in com.focus.testcases.FooterValuesAndBarcodeValidationTest]]>
    </line>
    <line>
      <![CDATA[Test Status: Pass]]>
    </line>
    <line>
      <![CDATA[About to begin executing following method : BaseEngine.afterMethodExecution]]>
    </line>
    <line>
      <![CDATA[Completed executing following method : BaseEngine.afterMethodExecution]]>
    </line>
    <line>
      <![CDATA[About to begin executing following method : BaseEngine.beforeMethodExecution]]>
    </line>
    <line>
      <![CDATA[Completed executing following method : BaseEngine.beforeMethodExecution]]>
    </line>
    <line>
      <![CDATA[About to begin executing following method : FooterValuesAndBarcodeValidationTest.checkGiveAccessandShowHomePageAccessToStockLedgerInUserLevel]]>
    </line>
    <line>
      <![CDATA[Completed executing following method : FooterValuesAndBarcodeValidationTest.checkGiveAccessandShowHomePageAccessToStockLedgerInUserLevel]]>
    </line>
    <line>
      <![CDATA[Test Method resides in com.focus.testcases.FooterValuesAndBarcodeValidationTest]]>
    </line>
    <line>
      <![CDATA[Test Status: Pass]]>
    </line>
    <line>
      <![CDATA[About to begin executing following method : BaseEngine.afterMethodExecution]]>
    </line>
    <line>
      <![CDATA[Completed executing following method : BaseEngine.afterMethodExecution]]>
    </line>
    <line>
      <![CDATA[About to begin executing following method : BaseEngine.beforeMethodExecution]]>
    </line>
    <line>
      <![CDATA[Completed executing following method : BaseEngine.beforeMethodExecution]]>
    </line>
    <line>
      <![CDATA[About to begin executing following method : FooterValuesAndBarcodeValidationTest.checkLogoutAndLogoutWithCrestedUserAfterGivingPermissionsForProfile]]>
    </line>
    <line>
      <![CDATA[Completed executing following method : FooterValuesAndBarcodeValidationTest.checkLogoutAndLogoutWithCrestedUserAfterGivingPermissionsForProfile]]>
    </line>
    <line>
      <![CDATA[Test Method resides in com.focus.testcases.FooterValuesAndBarcodeValidationTest]]>
    </line>
    <line>
      <![CDATA[Test Status: Pass]]>
    </line>
    <line>
      <![CDATA[About to begin executing following method : BaseEngine.afterMethodExecution]]>
    </line>
    <line>
      <![CDATA[Completed executing following method : BaseEngine.afterMethodExecution]]>
    </line>
    <line>
      <![CDATA[About to begin executing following method : BaseEngine.beforeMethodExecution]]>
    </line>
    <line>
      <![CDATA[Completed executing following method : BaseEngine.beforeMethodExecution]]>
    </line>
    <line>
      <![CDATA[About to begin executing following method : FooterValuesAndBarcodeValidationTest.checkValidateAccountAccessInUserLevel]]>
    </line>
    <line>
      <![CDATA[Completed executing following method : FooterValuesAndBarcodeValidationTest.checkValidateAccountAccessInUserLevel]]>
    </line>
    <line>
      <![CDATA[Test Method resides in com.focus.testcases.FooterValuesAndBarcodeValidationTest]]>
    </line>
    <line>
      <![CDATA[Test Status: Pass]]>
    </line>
    <line>
      <![CDATA[About to begin executing following method : BaseEngine.afterMethodExecution]]>
    </line>
    <line>
      <![CDATA[Completed executing following method : BaseEngine.afterMethodExecution]]>
    </line>
    <line>
      <![CDATA[About to begin executing following method : BaseEngine.beforeMethodExecution]]>
    </line>
    <line>
      <![CDATA[Completed executing following method : BaseEngine.beforeMethodExecution]]>
    </line>
    <line>
      <![CDATA[About to begin executing following method : FooterValuesAndBarcodeValidationTest.checKValidatePurchaseVoucherVATRestrictionInUserLevel]]>
    </line>
    <line>
      <![CDATA[Completed executing following method : FooterValuesAndBarcodeValidationTest.checKValidatePurchaseVoucherVATRestrictionInUserLevel]]>
    </line>
    <line>
      <![CDATA[Test Method resides in com.focus.testcases.FooterValuesAndBarcodeValidationTest]]>
    </line>
    <line>
      <![CDATA[Test Status: Pass]]>
    </line>
    <line>
      <![CDATA[About to begin executing following method : BaseEngine.afterMethodExecution]]>
    </line>
    <line>
      <![CDATA[Completed executing following method : BaseEngine.afterMethodExecution]]>
    </line>
    <line>
      <![CDATA[About to begin executing following method : BaseEngine.beforeMethodExecution]]>
    </line>
    <line>
      <![CDATA[Completed executing following method : BaseEngine.beforeMethodExecution]]>
    </line>
    <line>
      <![CDATA[About to begin executing following method : FooterValuesAndBarcodeValidationTest.checkValidateStockLedgerReportRestrictionInUserLevel]]>
    </line>
    <line>
      <![CDATA[Completed executing following method : FooterValuesAndBarcodeValidationTest.checkValidateStockLedgerReportRestrictionInUserLevel]]>
    </line>
    <line>
      <![CDATA[Test Method resides in com.focus.testcases.FooterValuesAndBarcodeValidationTest]]>
    </line>
    <line>
      <![CDATA[Test Status: Pass]]>
    </line>
    <line>
      <![CDATA[About to begin executing following method : BaseEngine.afterMethodExecution]]>
    </line>
    <line>
      <![CDATA[Completed executing following method : BaseEngine.afterMethodExecution]]>
    </line>
    <line>
      <![CDATA[About to begin executing following method : BaseEngine.beforeMethodExecution]]>
    </line>
    <line>
      <![CDATA[Completed executing following method : BaseEngine.beforeMethodExecution]]>
    </line>
    <line>
      <![CDATA[About to begin executing following method : FooterValuesAndBarcodeValidationTest.checkLogoutAndLoginWithSUForAccessRights]]>
    </line>
    <line>
      <![CDATA[Completed executing following method : FooterValuesAndBarcodeValidationTest.checkLogoutAndLoginWithSUForAccessRights]]>
    </line>
    <line>
      <![CDATA[Test Method resides in com.focus.testcases.FooterValuesAndBarcodeValidationTest]]>
    </line>
    <line>
      <![CDATA[Test Status: Pass]]>
    </line>
    <line>
      <![CDATA[About to begin executing following method : BaseEngine.afterMethodExecution]]>
    </line>
    <line>
      <![CDATA[Completed executing following method : BaseEngine.afterMethodExecution]]>
    </line>
    <line>
      <![CDATA[About to begin executing following method : BaseEngine.beforeMethodExecution]]>
    </line>
    <line>
      <![CDATA[Completed executing following method : BaseEngine.beforeMethodExecution]]>
    </line>
    <line>
      <![CDATA[About to begin executing following method : FooterValuesAndBarcodeValidationTest.checkEnableAllAccessightsInAccountForTestRestrictionProfile]]>
    </line>
    <line>
      <![CDATA[Completed executing following method : FooterValuesAndBarcodeValidationTest.checkEnableAllAccessightsInAccountForTestRestrictionProfile]]>
    </line>
    <line>
      <![CDATA[Test Method resides in com.focus.testcases.FooterValuesAndBarcodeValidationTest]]>
    </line>
    <line>
      <![CDATA[Test Status: Pass]]>
    </line>
    <line>
      <![CDATA[About to begin executing following method : BaseEngine.afterMethodExecution]]>
    </line>
    <line>
      <![CDATA[Completed executing following method : BaseEngine.afterMethodExecution]]>
    </line>
    <line>
      <![CDATA[About to begin executing following method : BaseEngine.beforeMethodExecution]]>
    </line>
    <line>
      <![CDATA[Completed executing following method : BaseEngine.beforeMethodExecution]]>
    </line>
    <line>
      <![CDATA[About to begin executing following method : FooterValuesAndBarcodeValidationTest.checkEnablePurchaseVoucherVatAccessRightsForSavingVoucher]]>
    </line>
    <line>
      <![CDATA[Completed executing following method : FooterValuesAndBarcodeValidationTest.checkEnablePurchaseVoucherVatAccessRightsForSavingVoucher]]>
    </line>
    <line>
      <![CDATA[Test Method resides in com.focus.testcases.FooterValuesAndBarcodeValidationTest]]>
    </line>
    <line>
      <![CDATA[Test Status: Pass]]>
    </line>
    <line>
      <![CDATA[About to begin executing following method : BaseEngine.afterMethodExecution]]>
    </line>
    <line>
      <![CDATA[Completed executing following method : BaseEngine.afterMethodExecution]]>
    </line>
    <line>
      <![CDATA[About to begin executing following method : BaseEngine.beforeMethodExecution]]>
    </line>
    <line>
      <![CDATA[Completed executing following method : BaseEngine.beforeMethodExecution]]>
    </line>
    <line>
      <![CDATA[About to begin executing following method : FooterValuesAndBarcodeValidationTest.checkEnableStockLedgerAccessRightsForAccessingReports]]>
    </line>
    <line>
      <![CDATA[Completed executing following method : FooterValuesAndBarcodeValidationTest.checkEnableStockLedgerAccessRightsForAccessingReports]]>
    </line>
    <line>
      <![CDATA[Test Method resides in com.focus.testcases.FooterValuesAndBarcodeValidationTest]]>
    </line>
    <line>
      <![CDATA[Test Status: Pass]]>
    </line>
    <line>
      <![CDATA[About to begin executing following method : BaseEngine.afterMethodExecution]]>
    </line>
    <line>
      <![CDATA[Completed executing following method : BaseEngine.afterMethodExecution]]>
    </line>
    <line>
      <![CDATA[About to begin executing following method : BaseEngine.beforeMethodExecution]]>
    </line>
    <line>
      <![CDATA[Completed executing following method : BaseEngine.beforeMethodExecution]]>
    </line>
    <line>
      <![CDATA[About to begin executing following method : FooterValuesAndBarcodeValidationTest.checkLogoutAndLogoutWithCrestedUserAfterGivingPermissionsForAccount]]>
    </line>
    <line>
      <![CDATA[Completed executing following method : FooterValuesAndBarcodeValidationTest.checkLogoutAndLogoutWithCrestedUserAfterGivingPermissionsForAccount]]>
    </line>
    <line>
      <![CDATA[Test Method resides in com.focus.testcases.FooterValuesAndBarcodeValidationTest]]>
    </line>
    <line>
      <![CDATA[Test Status: Pass]]>
    </line>
    <line>
      <![CDATA[About to begin executing following method : BaseEngine.afterMethodExecution]]>
    </line>
    <line>
      <![CDATA[Completed executing following method : BaseEngine.afterMethodExecution]]>
    </line>
    <line>
      <![CDATA[About to begin executing following method : BaseEngine.beforeMethodExecution]]>
    </line>
    <line>
      <![CDATA[Completed executing following method : BaseEngine.beforeMethodExecution]]>
    </line>
    <line>
      <![CDATA[About to begin executing following method : FooterValuesAndBarcodeValidationTest.checkToolsOptionsAccountsMenu]]>
    </line>
    <line>
      <![CDATA[Completed executing following method : FooterValuesAndBarcodeValidationTest.checkToolsOptionsAccountsMenu]]>
    </line>
    <line>
      <![CDATA[Test Method resides in com.focus.testcases.FooterValuesAndBarcodeValidationTest]]>
    </line>
    <line>
      <![CDATA[Test Status: Pass]]>
    </line>
    <line>
      <![CDATA[About to begin executing following method : BaseEngine.afterMethodExecution]]>
    </line>
    <line>
      <![CDATA[Completed executing following method : BaseEngine.afterMethodExecution]]>
    </line>
    <line>
      <![CDATA[About to begin executing following method : BaseEngine.beforeMethodExecution]]>
    </line>
    <line>
      <![CDATA[Completed executing following method : BaseEngine.beforeMethodExecution]]>
    </line>
    <line>
      <![CDATA[About to begin executing following method : FooterValuesAndBarcodeValidationTest.checkOtherToolsOptionsAccountsMenu]]>
    </line>
    <line>
      <![CDATA[Completed executing following method : FooterValuesAndBarcodeValidationTest.checkOtherToolsOptionsAccountsMenu]]>
    </line>
    <line>
      <![CDATA[Test Method resides in com.focus.testcases.FooterValuesAndBarcodeValidationTest]]>
    </line>
    <line>
      <![CDATA[Test Status: Pass]]>
    </line>
    <line>
      <![CDATA[About to begin executing following method : BaseEngine.afterMethodExecution]]>
    </line>
    <line>
      <![CDATA[Completed executing following method : BaseEngine.afterMethodExecution]]>
    </line>
    <line>
      <![CDATA[About to begin executing following method : BaseEngine.beforeMethodExecution]]>
    </line>
    <line>
      <![CDATA[Completed executing following method : BaseEngine.beforeMethodExecution]]>
    </line>
    <line>
      <![CDATA[About to begin executing following method : FooterValuesAndBarcodeValidationTest.checkSaveAccountAfterAccessingRights]]>
    </line>
    <line>
      <![CDATA[Completed executing following method : FooterValuesAndBarcodeValidationTest.checkSaveAccountAfterAccessingRights]]>
    </line>
    <line>
      <![CDATA[Test Method resides in com.focus.testcases.FooterValuesAndBarcodeValidationTest]]>
    </line>
    <line>
      <![CDATA[Test Status: Pass]]>
    </line>
    <line>
      <![CDATA[About to begin executing following method : BaseEngine.afterMethodExecution]]>
    </line>
    <line>
      <![CDATA[Completed executing following method : BaseEngine.afterMethodExecution]]>
    </line>
    <line>
      <![CDATA[About to begin executing following method : BaseEngine.beforeMethodExecution]]>
    </line>
    <line>
      <![CDATA[Completed executing following method : BaseEngine.beforeMethodExecution]]>
    </line>
    <line>
      <![CDATA[About to begin executing following method : FooterValuesAndBarcodeValidationTest.checkSavePurchaseVoucherVAT]]>
    </line>
    <line>
      <![CDATA[Completed executing following method : FooterValuesAndBarcodeValidationTest.checkSavePurchaseVoucherVAT]]>
    </line>
    <line>
      <![CDATA[Test Method resides in com.focus.testcases.FooterValuesAndBarcodeValidationTest]]>
    </line>
    <line>
      <![CDATA[Test Status: Pass]]>
    </line>
    <line>
      <![CDATA[About to begin executing following method : BaseEngine.afterMethodExecution]]>
    </line>
    <line>
      <![CDATA[Completed executing following method : BaseEngine.afterMethodExecution]]>
    </line>
    <line>
      <![CDATA[About to begin executing following method : BaseEngine.beforeMethodExecution]]>
    </line>
    <line>
      <![CDATA[Completed executing following method : BaseEngine.beforeMethodExecution]]>
    </line>
    <line>
      <![CDATA[About to begin executing following method : FooterValuesAndBarcodeValidationTest.checkSavedPurchaseVoucherVATForCopyPastePostingDetailsSettingsDeleteDoc]]>
    </line>
    <line>
      <![CDATA[Completed executing following method : FooterValuesAndBarcodeValidationTest.checkSavedPurchaseVoucherVATForCopyPastePostingDetailsSettingsDeleteDoc]]>
    </line>
    <line>
      <![CDATA[Test Method resides in com.focus.testcases.FooterValuesAndBarcodeValidationTest]]>
    </line>
    <line>
      <![CDATA[Test Status: Pass]]>
    </line>
    <line>
      <![CDATA[About to begin executing following method : BaseEngine.afterMethodExecution]]>
    </line>
    <line>
      <![CDATA[Completed executing following method : BaseEngine.afterMethodExecution]]>
    </line>
    <line>
      <![CDATA[About to begin executing following method : BaseEngine.beforeMethodExecution]]>
    </line>
    <line>
      <![CDATA[Completed executing following method : BaseEngine.beforeMethodExecution]]>
    </line>
    <line>
      <![CDATA[About to begin executing following method : FooterValuesAndBarcodeValidationTest.checkSettingsBtnDeleteBtnnUserLevel]]>
    </line>
    <line>
      <![CDATA[Completed executing following method : FooterValuesAndBarcodeValidationTest.checkSettingsBtnDeleteBtnnUserLevel]]>
    </line>
    <line>
      <![CDATA[Test Method resides in com.focus.testcases.FooterValuesAndBarcodeValidationTest]]>
    </line>
    <line>
      <![CDATA[Test Status: Pass]]>
    </line>
    <line>
      <![CDATA[About to begin executing following method : BaseEngine.afterMethodExecution]]>
    </line>
    <line>
      <![CDATA[Completed executing following method : BaseEngine.afterMethodExecution]]>
    </line>
    <line>
      <![CDATA[About to begin executing following method : BaseEngine.beforeMethodExecution]]>
    </line>
    <line>
      <![CDATA[Completed executing following method : BaseEngine.beforeMethodExecution]]>
    </line>
    <line>
      <![CDATA[About to begin executing following method : FooterValuesAndBarcodeValidationTest.checkStockLedgerAfterAccessingRights]]>
    </line>
    <line>
      <![CDATA[Completed executing following method : FooterValuesAndBarcodeValidationTest.checkStockLedgerAfterAccessingRights]]>
    </line>
    <line>
      <![CDATA[Test Method resides in com.focus.testcases.FooterValuesAndBarcodeValidationTest]]>
    </line>
    <line>
      <![CDATA[Test Status: Pass]]>
    </line>
    <line>
      <![CDATA[About to begin executing following method : BaseEngine.afterMethodExecution]]>
    </line>
    <line>
      <![CDATA[Completed executing following method : BaseEngine.afterMethodExecution]]>
    </line>
    <line>
      <![CDATA[About to begin executing following method : BaseEngine.beforeMethodExecution]]>
    </line>
    <line>
      <![CDATA[Completed executing following method : BaseEngine.beforeMethodExecution]]>
    </line>
    <line>
      <![CDATA[About to begin executing following method : FooterValuesAndBarcodeValidationTest.checkPrintOptionInUserLevel]]>
    </line>
    <line>
      <![CDATA[Completed executing following method : FooterValuesAndBarcodeValidationTest.checkPrintOptionInUserLevel]]>
    </line>
    <line>
      <![CDATA[Test Method resides in com.focus.testcases.FooterValuesAndBarcodeValidationTest]]>
    </line>
    <line>
      <![CDATA[Test Status: Pass]]>
    </line>
    <line>
      <![CDATA[About to begin executing following method : BaseEngine.afterMethodExecution]]>
    </line>
    <line>
      <![CDATA[Completed executing following method : BaseEngine.afterMethodExecution]]>
    </line>
    <line>
      <![CDATA[About to begin executing following method : BaseEngine.beforeMethodExecution]]>
    </line>
    <line>
      <![CDATA[Completed executing following method : BaseEngine.beforeMethodExecution]]>
    </line>
    <line>
      <![CDATA[About to begin executing following method : FooterValuesAndBarcodeValidationTest.checkLogoutAndLoginWithSUForAccessRightsInPVVAT]]>
    </line>
    <line>
      <![CDATA[Completed executing following method : FooterValuesAndBarcodeValidationTest.checkLogoutAndLoginWithSUForAccessRightsInPVVAT]]>
    </line>
    <line>
      <![CDATA[Test Method resides in com.focus.testcases.FooterValuesAndBarcodeValidationTest]]>
    </line>
    <line>
      <![CDATA[Test Status: Pass]]>
    </line>
    <line>
      <![CDATA[About to begin executing following method : BaseEngine.afterMethodExecution]]>
    </line>
    <line>
      <![CDATA[Completed executing following method : BaseEngine.afterMethodExecution]]>
    </line>
    <line>
      <![CDATA[About to begin executing following method : BaseEngine.beforeMethodExecution]]>
    </line>
    <line>
      <![CDATA[Completed executing following method : BaseEngine.beforeMethodExecution]]>
    </line>
    <line>
      <![CDATA[About to begin executing following method : FooterValuesAndBarcodeValidationTest.checkEnableRestOfTheAccessRightInPvVAT]]>
    </line>
    <line>
      <![CDATA[Completed executing following method : FooterValuesAndBarcodeValidationTest.checkEnableRestOfTheAccessRightInPvVAT]]>
    </line>
    <line>
      <![CDATA[Test Method resides in com.focus.testcases.FooterValuesAndBarcodeValidationTest]]>
    </line>
    <line>
      <![CDATA[Test Status: Pass]]>
    </line>
    <line>
      <![CDATA[About to begin executing following method : BaseEngine.afterMethodExecution]]>
    </line>
    <line>
      <![CDATA[Completed executing following method : BaseEngine.afterMethodExecution]]>
    </line>
    <line>
      <![CDATA[About to begin executing following method : BaseEngine.beforeMethodExecution]]>
    </line>
    <line>
      <![CDATA[Completed executing following method : BaseEngine.beforeMethodExecution]]>
    </line>
    <line>
      <![CDATA[About to begin executing following method : FooterValuesAndBarcodeValidationTest.checkEnableRestOfTheRightsInStockLedger]]>
    </line>
    <line>
      <![CDATA[Completed executing following method : FooterValuesAndBarcodeValidationTest.checkEnableRestOfTheRightsInStockLedger]]>
    </line>
    <line>
      <![CDATA[Test Method resides in com.focus.testcases.FooterValuesAndBarcodeValidationTest]]>
    </line>
    <line>
      <![CDATA[Test Status: Pass]]>
    </line>
    <line>
      <![CDATA[About to begin executing following method : BaseEngine.afterMethodExecution]]>
    </line>
    <line>
      <![CDATA[Completed executing following method : BaseEngine.afterMethodExecution]]>
    </line>
    <line>
      <![CDATA[About to begin executing following method : BaseEngine.beforeMethodExecution]]>
    </line>
    <line>
      <![CDATA[Completed executing following method : BaseEngine.beforeMethodExecution]]>
    </line>
    <line>
      <![CDATA[About to begin executing following method : FooterValuesAndBarcodeValidationTest.checkLogoutAndLogoutWithCreatedUserForValidations]]>
    </line>
    <line>
      <![CDATA[Completed executing following method : FooterValuesAndBarcodeValidationTest.checkLogoutAndLogoutWithCreatedUserForValidations]]>
    </line>
    <line>
      <![CDATA[Test Method resides in com.focus.testcases.FooterValuesAndBarcodeValidationTest]]>
    </line>
    <line>
      <![CDATA[Test Status: Pass]]>
    </line>
    <line>
      <![CDATA[About to begin executing following method : BaseEngine.afterMethodExecution]]>
    </line>
    <line>
      <![CDATA[Completed executing following method : BaseEngine.afterMethodExecution]]>
    </line>
    <line>
      <![CDATA[About to begin executing following method : BaseEngine.beforeMethodExecution]]>
    </line>
    <line>
      <![CDATA[Completed executing following method : BaseEngine.beforeMethodExecution]]>
    </line>
    <line>
      <![CDATA[About to begin executing following method : FooterValuesAndBarcodeValidationTest.checkValidateEnabledRightsInProfileInUserLevel]]>
    </line>
    <line>
      <![CDATA[Completed executing following method : FooterValuesAndBarcodeValidationTest.checkValidateEnabledRightsInProfileInUserLevel]]>
    </line>
    <line>
      <![CDATA[Test Method resides in com.focus.testcases.FooterValuesAndBarcodeValidationTest]]>
    </line>
    <line>
      <![CDATA[Test Status: Pass]]>
    </line>
    <line>
      <![CDATA[About to begin executing following method : BaseEngine.afterMethodExecution]]>
    </line>
    <line>
      <![CDATA[Completed executing following method : BaseEngine.afterMethodExecution]]>
    </line>
    <line>
      <![CDATA[About to begin executing following method : BaseEngine.beforeMethodExecution]]>
    </line>
    <line>
      <![CDATA[Completed executing following method : BaseEngine.beforeMethodExecution]]>
    </line>
    <line>
      <![CDATA[About to begin executing following method : FooterValuesAndBarcodeValidationTest.checkSuspendVoucherandEditSuspendedVoucher]]>
    </line>
    <line>
      <![CDATA[Completed executing following method : FooterValuesAndBarcodeValidationTest.checkSuspendVoucherandEditSuspendedVoucher]]>
    </line>
    <line>
      <![CDATA[Test Method resides in com.focus.testcases.FooterValuesAndBarcodeValidationTest]]>
    </line>
    <line>
      <![CDATA[Test Status: Failed]]>
    </line>
    <line>
      <![CDATA[About to begin executing following method : BaseEngine.afterMethodExecution]]>
    </line>
    <line>
      <![CDATA[Completed executing following method : BaseEngine.afterMethodExecution]]>
    </line>
    <line>
      <![CDATA[About to begin executing following method : BaseEngine.beforeMethodExecution]]>
    </line>
    <line>
      <![CDATA[Completed executing following method : BaseEngine.beforeMethodExecution]]>
    </line>
    <line>
      <![CDATA[About to begin executing following method : FooterValuesAndBarcodeValidationTest.checkPostingDetailsAndCopyToClipBoardOptionsInPVVAT]]>
    </line>
    <line>
      <![CDATA[Completed executing following method : FooterValuesAndBarcodeValidationTest.checkPostingDetailsAndCopyToClipBoardOptionsInPVVAT]]>
    </line>
    <line>
      <![CDATA[Test Method resides in com.focus.testcases.FooterValuesAndBarcodeValidationTest]]>
    </line>
    <line>
      <![CDATA[Test Status: Pass]]>
    </line>
    <line>
      <![CDATA[About to begin executing following method : BaseEngine.afterMethodExecution]]>
    </line>
    <line>
      <![CDATA[Completed executing following method : BaseEngine.afterMethodExecution]]>
    </line>
    <line>
      <![CDATA[About to begin executing following method : BaseEngine.beforeMethodExecution]]>
    </line>
    <line>
      <![CDATA[Completed executing following method : BaseEngine.beforeMethodExecution]]>
    </line>
    <line>
      <![CDATA[About to begin executing following method : FooterValuesAndBarcodeValidationTest.checkSavePrintLayoutAndPrintOptionInOutputOptions]]>
    </line>
    <line>
      <![CDATA[Completed executing following method : FooterValuesAndBarcodeValidationTest.checkSavePrintLayoutAndPrintOptionInOutputOptions]]>
    </line>
    <line>
      <![CDATA[Test Method resides in com.focus.testcases.FooterValuesAndBarcodeValidationTest]]>
    </line>
    <line>
      <![CDATA[Test Status: Pass]]>
    </line>
    <line>
      <![CDATA[About to begin executing following method : BaseEngine.afterMethodExecution]]>
    </line>
    <line>
      <![CDATA[Completed executing following method : BaseEngine.afterMethodExecution]]>
    </line>
    <line>
      <![CDATA[About to begin executing following method : BaseEngine.beforeMethodExecution]]>
    </line>
    <line>
      <![CDATA[Completed executing following method : BaseEngine.beforeMethodExecution]]>
    </line>
    <line>
      <![CDATA[About to begin executing following method : FooterValuesAndBarcodeValidationTest.checkStockLedgerIconsInUserLevelandValidateAnalyzeReport]]>
    </line>
    <line>
      <![CDATA[Completed executing following method : FooterValuesAndBarcodeValidationTest.checkStockLedgerIconsInUserLevelandValidateAnalyzeReport]]>
    </line>
    <line>
      <![CDATA[Test Method resides in com.focus.testcases.FooterValuesAndBarcodeValidationTest]]>
    </line>
    <line>
      <![CDATA[Test Status: Failed]]>
    </line>
    <line>
      <![CDATA[About to begin executing following method : BaseEngine.afterMethodExecution]]>
    </line>
    <line>
      <![CDATA[Completed executing following method : BaseEngine.afterMethodExecution]]>
    </line>
    <line>
      <![CDATA[About to begin executing following method : BaseEngine.beforeMethodExecution]]>
    </line>
    <line>
      <![CDATA[Completed executing following method : BaseEngine.beforeMethodExecution]]>
    </line>
    <line>
      <![CDATA[About to begin executing following method : FooterValuesAndBarcodeValidationTest.checkAnalyzeStockLedgerInUserLevel]]>
    </line>
    <line>
      <![CDATA[Completed executing following method : FooterValuesAndBarcodeValidationTest.checkAnalyzeStockLedgerInUserLevel]]>
    </line>
    <line>
      <![CDATA[Test Method resides in com.focus.testcases.FooterValuesAndBarcodeValidationTest]]>
    </line>
    <line>
      <![CDATA[Test Status: Pass]]>
    </line>
    <line>
      <![CDATA[About to begin executing following method : BaseEngine.afterMethodExecution]]>
    </line>
    <line>
      <![CDATA[Completed executing following method : BaseEngine.afterMethodExecution]]>
    </line>
    <line>
      <![CDATA[About to begin executing following method : BaseEngine.beforeMethodExecution]]>
    </line>
    <line>
      <![CDATA[Completed executing following method : BaseEngine.beforeMethodExecution]]>
    </line>
    <line>
      <![CDATA[About to begin executing following method : FooterValuesAndBarcodeValidationTest.checkLoadAnalysisReport]]>
    </line>
    <line>
      <![CDATA[Completed executing following method : FooterValuesAndBarcodeValidationTest.checkLoadAnalysisReport]]>
    </line>
    <line>
      <![CDATA[Test Method resides in com.focus.testcases.FooterValuesAndBarcodeValidationTest]]>
    </line>
    <line>
      <![CDATA[Test Status: Pass]]>
    </line>
    <line>
      <![CDATA[About to begin executing following method : BaseEngine.afterMethodExecution]]>
    </line>
    <line>
      <![CDATA[Completed executing following method : BaseEngine.afterMethodExecution]]>
    </line>
    <line>
      <![CDATA[About to begin executing following method : BaseEngine.beforeMethodExecution]]>
    </line>
    <line>
      <![CDATA[Completed executing following method : BaseEngine.beforeMethodExecution]]>
    </line>
    <line>
      <![CDATA[About to begin executing following method : FooterValuesAndBarcodeValidationTest.checkFilterOptionInStockLedger]]>
    </line>
    <line>
      <![CDATA[Completed executing following method : FooterValuesAndBarcodeValidationTest.checkFilterOptionInStockLedger]]>
    </line>
    <line>
      <![CDATA[Test Method resides in com.focus.testcases.FooterValuesAndBarcodeValidationTest]]>
    </line>
    <line>
      <![CDATA[Test Status: Pass]]>
    </line>
    <line>
      <![CDATA[About to begin executing following method : BaseEngine.afterMethodExecution]]>
    </line>
    <line>
      <![CDATA[Completed executing following method : BaseEngine.afterMethodExecution]]>
    </line>
    <line>
      <![CDATA[About to begin executing following method : BaseEngine.beforeMethodExecution]]>
    </line>
    <line>
      <![CDATA[Completed executing following method : BaseEngine.beforeMethodExecution]]>
    </line>
    <line>
      <![CDATA[About to begin executing following method : FooterValuesAndBarcodeValidationTest.checkLogoutAndLoginWithSUForUserCreation]]>
    </line>
    <line>
      <![CDATA[Completed executing following method : FooterValuesAndBarcodeValidationTest.checkLogoutAndLoginWithSUForUserCreation]]>
    </line>
    <line>
      <![CDATA[Test Method resides in com.focus.testcases.FooterValuesAndBarcodeValidationTest]]>
    </line>
    <line>
      <![CDATA[Test Status: Pass]]>
    </line>
    <line>
      <![CDATA[About to begin executing following method : BaseEngine.afterMethodExecution]]>
    </line>
    <line>
      <![CDATA[Completed executing following method : BaseEngine.afterMethodExecution]]>
    </line>
    <line>
      <![CDATA[About to begin executing following method : BaseEngine.beforeMethodExecution]]>
    </line>
    <line>
      <![CDATA[Completed executing following method : BaseEngine.beforeMethodExecution]]>
    </line>
    <line>
      <![CDATA[About to begin executing following method : FooterValuesAndBarcodeValidationTest.CheckCreateUserInSU]]>
    </line>
    <line>
      <![CDATA[Completed executing following method : FooterValuesAndBarcodeValidationTest.CheckCreateUserInSU]]>
    </line>
    <line>
      <![CDATA[Test Method resides in com.focus.testcases.FooterValuesAndBarcodeValidationTest]]>
    </line>
    <line>
      <![CDATA[Test Status: Pass]]>
    </line>
    <line>
      <![CDATA[About to begin executing following method : BaseEngine.afterMethodExecution]]>
    </line>
    <line>
      <![CDATA[Completed executing following method : BaseEngine.afterMethodExecution]]>
    </line>
    <line>
      <![CDATA[About to begin executing following method : BaseEngine.beforeMethodExecution]]>
    </line>
    <line>
      <![CDATA[Completed executing following method : BaseEngine.beforeMethodExecution]]>
    </line>
    <line>
      <![CDATA[About to begin executing following method : FooterValuesAndBarcodeValidationTest.checkSaveExcessInStocksVoucher]]>
    </line>
    <line>
      <![CDATA[Completed executing following method : FooterValuesAndBarcodeValidationTest.checkSaveExcessInStocksVoucher]]>
    </line>
    <line>
      <![CDATA[Test Method resides in com.focus.testcases.FooterValuesAndBarcodeValidationTest]]>
    </line>
    <line>
      <![CDATA[Test Status: Pass]]>
    </line>
    <line>
      <![CDATA[About to begin executing following method : BaseEngine.afterMethodExecution]]>
    </line>
    <line>
      <![CDATA[Completed executing following method : BaseEngine.afterMethodExecution]]>
    </line>
    <line>
      <![CDATA[About to begin executing following method : BaseEngine.beforeMethodExecution]]>
    </line>
    <line>
      <![CDATA[Completed executing following method : BaseEngine.beforeMethodExecution]]>
    </line>
    <line>
      <![CDATA[About to begin executing following method : FooterValuesAndBarcodeValidationTest.checkPrintFromExcessInStockVoucherTransaction]]>
    </line>
    <line>
      <![CDATA[Completed executing following method : FooterValuesAndBarcodeValidationTest.checkPrintFromExcessInStockVoucherTransaction]]>
    </line>
    <line>
      <![CDATA[Test Method resides in com.focus.testcases.FooterValuesAndBarcodeValidationTest]]>
    </line>
    <line>
      <![CDATA[Test Status: Failed]]>
    </line>
    <line>
      <![CDATA[About to begin executing following method : BaseEngine.afterMethodExecution]]>
    </line>
    <line>
      <![CDATA[Completed executing following method : BaseEngine.afterMethodExecution]]>
    </line>
    <line>
      <![CDATA[About to begin executing following method : BaseEngine.beforeMethodExecution]]>
    </line>
    <line>
      <![CDATA[Completed executing following method : BaseEngine.beforeMethodExecution]]>
    </line>
    <line>
      <![CDATA[About to begin executing following method : FooterValuesAndBarcodeValidationTest.checkLogoutAndLoginWithTestUser]]>
    </line>
    <line>
      <![CDATA[Completed executing following method : FooterValuesAndBarcodeValidationTest.checkLogoutAndLoginWithTestUser]]>
    </line>
    <line>
      <![CDATA[Test Method resides in com.focus.testcases.FooterValuesAndBarcodeValidationTest]]>
    </line>
    <line>
      <![CDATA[Test Status: Pass]]>
    </line>
    <line>
      <![CDATA[About to begin executing following method : BaseEngine.afterMethodExecution]]>
    </line>
    <line>
      <![CDATA[Completed executing following method : BaseEngine.afterMethodExecution]]>
    </line>
    <line>
      <![CDATA[About to begin executing following method : BaseEngine.beforeMethodExecution]]>
    </line>
    <line>
      <![CDATA[Completed executing following method : BaseEngine.beforeMethodExecution]]>
    </line>
    <line>
      <![CDATA[About to begin executing following method : FooterValuesAndBarcodeValidationTest.checkVoucherSavedBySUIsVisibleInTestUser]]>
    </line>
    <line>
      <![CDATA[Completed executing following method : FooterValuesAndBarcodeValidationTest.checkVoucherSavedBySUIsVisibleInTestUser]]>
    </line>
    <line>
      <![CDATA[Test Method resides in com.focus.testcases.FooterValuesAndBarcodeValidationTest]]>
    </line>
    <line>
      <![CDATA[Test Status: Pass]]>
    </line>
    <line>
      <![CDATA[About to begin executing following method : BaseEngine.afterMethodExecution]]>
    </line>
    <line>
      <![CDATA[Completed executing following method : BaseEngine.afterMethodExecution]]>
    </line>
    <line>
      <![CDATA[About to begin executing following method : BaseEngine.beforeMethodExecution]]>
    </line>
    <line>
      <![CDATA[Completed executing following method : BaseEngine.beforeMethodExecution]]>
    </line>
    <line>
      <![CDATA[About to begin executing following method : FooterValuesAndBarcodeValidationTest.checkSaveExcessInStocksInUserLevel]]>
    </line>
    <line>
      <![CDATA[Completed executing following method : FooterValuesAndBarcodeValidationTest.checkSaveExcessInStocksInUserLevel]]>
    </line>
    <line>
      <![CDATA[Test Method resides in com.focus.testcases.FooterValuesAndBarcodeValidationTest]]>
    </line>
    <line>
      <![CDATA[Test Status: Pass]]>
    </line>
    <line>
      <![CDATA[About to begin executing following method : BaseEngine.afterMethodExecution]]>
    </line>
    <line>
      <![CDATA[Completed executing following method : BaseEngine.afterMethodExecution]]>
    </line>
    <line>
      <![CDATA[About to begin executing following method : BaseEngine.beforeMethodExecution]]>
    </line>
    <line>
      <![CDATA[Completed executing following method : BaseEngine.beforeMethodExecution]]>
    </line>
    <line>
      <![CDATA[About to begin executing following method : FooterValuesAndBarcodeValidationTest.checkPrintInExcessStocksInUserLevel]]>
    </line>
    <line>
      <![CDATA[Completed executing following method : FooterValuesAndBarcodeValidationTest.checkPrintInExcessStocksInUserLevel]]>
    </line>
    <line>
      <![CDATA[Test Method resides in com.focus.testcases.FooterValuesAndBarcodeValidationTest]]>
    </line>
    <line>
      <![CDATA[Test Status: Failed]]>
    </line>
    <line>
      <![CDATA[About to begin executing following method : BaseEngine.afterMethodExecution]]>
    </line>
    <line>
      <![CDATA[Completed executing following method : BaseEngine.afterMethodExecution]]>
    </line>
    <line>
      <![CDATA[About to begin executing following method : BaseEngine.beforeMethodExecution]]>
    </line>
    <line>
      <![CDATA[Completed executing following method : BaseEngine.beforeMethodExecution]]>
    </line>
    <line>
      <![CDATA[About to begin executing following method : FooterValuesAndBarcodeValidationTest.checklogout]]>
    </line>
    <line>
      <![CDATA[Completed executing following method : FooterValuesAndBarcodeValidationTest.checklogout]]>
    </line>
    <line>
      <![CDATA[Test Method resides in com.focus.testcases.FooterValuesAndBarcodeValidationTest]]>
    </line>
    <line>
      <![CDATA[Test Status: Pass]]>
    </line>
    <line>
      <![CDATA[About to begin executing following method : BaseEngine.afterMethodExecution]]>
    </line>
    <line>
      <![CDATA[Completed executing following method : BaseEngine.afterMethodExecution]]>
    </line>
    <line>
      <![CDATA[About to begin executing following method : BaseEngine.generateReports]]>
    </line>
    <line>
      <![CDATA[Completed executing following method : BaseEngine.generateReports]]>
    </line>
  </reporter-output>
  <suite name="Suite" duration-ms="3326819" started-at="2023-01-04T04:37:28Z" finished-at="2023-01-04T05:32:55Z">
    <groups>
    </groups>
    <test name="Test" duration-ms="3326819" started-at="2023-01-04T04:37:28Z" finished-at="2023-01-04T05:32:55Z">
      <class name="com.focus.testcases.FooterValuesAndBarcodeValidationTest">
        <test-method status="PASS" signature="beforeMethodExecution(java.lang.reflect.Method)[pri:0, instance:com.focus.testcases.FooterValuesAndBarcodeValidationTest@887af79]" name="beforeMethodExecution" is-config="true" duration-ms="1" started-at="2023-01-04T10:07:45Z" finished-at="2023-01-04T10:07:45Z">
          <params>
            <param index="0">
              <value>
                <![CDATA[public void com.focus.testcases.FooterValuesAndBarcodeValidationTest.checkLogin() throws org.apache.poi.EncryptedDocumentException,org.apache.poi.openxml4j.exceptions.InvalidFormatException,java.io.IOException,java.lang.InterruptedException]]>
              </value>
            </param>
          </params>
          <reporter-output>
            <line>
              <![CDATA[Completed executing following method : BaseEngine.beforeMethodExecution]]>
            </line>
          </reporter-output>
        </test-method> <!-- beforeMethodExecution -->
        <test-method status="PASS" signature="checkLogin()[pri:4, instance:com.focus.testcases.FooterValuesAndBarcodeValidationTest@887af79]" name="checkLogin" duration-ms="13833" started-at="2023-01-04T10:07:45Z" finished-at="2023-01-04T10:07:59Z">
          <reporter-output>
            <line>
              <![CDATA[Completed executing following method : FooterValuesAndBarcodeValidationTest.checkLogin]]>
            </line>
            <line>
              <![CDATA[Test Method resides in com.focus.testcases.FooterValuesAndBarcodeValidationTest]]>
            </line>
            <line>
              <![CDATA[Test Status: Pass]]>
            </line>
            <line>
              <![CDATA[About to begin executing following method : BaseEngine.afterMethodExecution]]>
            </line>
          </reporter-output>
        </test-method> <!-- checkLogin -->
        <test-method status="PASS" signature="beforeMethodExecution(java.lang.reflect.Method)[pri:0, instance:com.focus.testcases.FooterValuesAndBarcodeValidationTest@887af79]" name="beforeMethodExecution" is-config="true" duration-ms="0" started-at="2023-01-04T10:07:59Z" finished-at="2023-01-04T10:07:59Z">
          <params>
            <param index="0">
              <value>
                <![CDATA[public void com.focus.testcases.FooterValuesAndBarcodeValidationTest.checkSavingSalesInvoiceNewVoucherWithRow1InBodyGrid() throws java.awt.AWTException,java.lang.Exception]]>
              </value>
            </param>
          </params>
          <reporter-output>
            <line>
              <![CDATA[Completed executing following method : BaseEngine.beforeMethodExecution]]>
            </line>
          </reporter-output>
        </test-method> <!-- beforeMethodExecution -->
        <test-method status="PASS" signature="checkSavingSalesInvoiceNewVoucherWithRow1InBodyGrid()[pri:11151, instance:com.focus.testcases.FooterValuesAndBarcodeValidationTest@887af79]" name="checkSavingSalesInvoiceNewVoucherWithRow1InBodyGrid" duration-ms="152095" started-at="2023-01-04T10:07:59Z" finished-at="2023-01-04T10:10:31Z">
          <reporter-output>
            <line>
              <![CDATA[Completed executing following method : FooterValuesAndBarcodeValidationTest.checkSavingSalesInvoiceNewVoucherWithRow1InBodyGrid]]>
            </line>
            <line>
              <![CDATA[Test Method resides in com.focus.testcases.FooterValuesAndBarcodeValidationTest]]>
            </line>
            <line>
              <![CDATA[Test Status: Pass]]>
            </line>
            <line>
              <![CDATA[About to begin executing following method : BaseEngine.afterMethodExecution]]>
            </line>
          </reporter-output>
        </test-method> <!-- checkSavingSalesInvoiceNewVoucherWithRow1InBodyGrid -->
        <test-method status="PASS" signature="afterMethodExecution(org.testng.ITestResult)[pri:0, instance:com.focus.testcases.FooterValuesAndBarcodeValidationTest@887af79]" name="afterMethodExecution" is-config="true" duration-ms="0" started-at="2023-01-04T10:07:59Z" finished-at="2023-01-04T10:07:59Z">
          <params>
            <param index="0">
              <value>
                <![CDATA[[TestResult name=checkLogin status=SUCCESS method=FooterValuesAndBarcodeValidationTest.checkLogin()[pri:4, instance:com.focus.testcases.FooterValuesAndBarcodeValidationTest@887af79] output=Completed executing following method : FooterValuesAndBarcodeValidationTest.checkLogin]]]>
              </value>
            </param>
          </params>
          <reporter-output>
            <line>
              <![CDATA[Completed executing following method : BaseEngine.afterMethodExecution]]>
            </line>
          </reporter-output>
        </test-method> <!-- afterMethodExecution -->
        <test-method status="PASS" signature="afterMethodExecution(org.testng.ITestResult)[pri:0, instance:com.focus.testcases.FooterValuesAndBarcodeValidationTest@887af79]" name="afterMethodExecution" is-config="true" duration-ms="1" started-at="2023-01-04T10:10:31Z" finished-at="2023-01-04T10:10:31Z">
          <params>
            <param index="0">
              <value>
[...]
              </value>
            </param>
          </params>
          <reporter-output>
            <line>
              <![CDATA[Completed executing following method : BaseEngine.afterMethodExecution]]>
            </line>
          </reporter-output>
        </test-method> <!-- afterMethodExecution -->
        <test-method status="PASS" signature="afterMethodExecution(org.testng.ITestResult)[pri:0, instance:com.focus.testcases.FooterValuesAndBarcodeValidationTest@887af79]" name="afterMethodExecution" is-config="true" duration-ms="1" started-at="2023-01-04T11:01:25Z" finished-at="2023-01-04T11:01:25Z">
          <params>
            <param index="0">
              <value>
                <![CDATA[[TestResult name=checkVoucherSavedBySUIsVisibleInTestUser status=SUCCESS method=FooterValuesAndBarcodeValidationTest.checkVoucherSavedBySUIsVisibleInTestUser()[pri:13026, instance:com.focus.testcases.FooterValuesAndBarcodeValidationTest@887af79] output=Completed executing following method : FooterValuesAndBarcodeValidationTest.checkVoucherSavedBySUIsVisibleInTestUser]]]>
              </value>
            </param>
          </params>
          <reporter-output>
            <line>
              <![CDATA[Completed executing following method : BaseEngine.afterMethodExecution]]>
            </line>
          </reporter-output>
        </test-method> <!-- afterMethodExecution -->
        <test-method status="PASS" signature="checkSaveExcessInStocksInUserLevel()[pri:13027, instance:com.focus.testcases.FooterValuesAndBarcodeValidationTest@887af79]" name="checkSaveExcessInStocksInUserLevel" duration-ms="46327" started-at="2023-01-04T11:01:25Z" finished-at="2023-01-04T11:02:11Z">
          <reporter-output>
            <line>
              <![CDATA[Completed executing following method : FooterValuesAndBarcodeValidationTest.checkSaveExcessInStocksInUserLevel]]>
            </line>
            <line>
              <![CDATA[Test Method resides in com.focus.testcases.FooterValuesAndBarcodeValidationTest]]>
            </line>
            <line>
              <![CDATA[Test Status: Pass]]>
            </line>
            <line>
              <![CDATA[About to begin executing following method : BaseEngine.afterMethodExecution]]>
            </line>
          </reporter-output>
        </test-method> <!-- checkSaveExcessInStocksInUserLevel -->
        <test-method status="PASS" signature="beforeMethodExecution(java.lang.reflect.Method)[pri:0, instance:com.focus.testcases.FooterValuesAndBarcodeValidationTest@887af79]" name="beforeMethodExecution" is-config="true" duration-ms="0" started-at="2023-01-04T11:01:25Z" finished-at="2023-01-04T11:01:25Z">
          <params>
            <param index="0">
              <value>
                <![CDATA[public void com.focus.testcases.FooterValuesAndBarcodeValidationTest.checkSaveExcessInStocksInUserLevel() throws java.awt.AWTException,java.lang.Exception]]>
              </value>
            </param>
          </params>
          <reporter-output>
            <line>
              <![CDATA[Completed executing following method : BaseEngine.beforeMethodExecution]]>
            </line>
          </reporter-output>
        </test-method> <!-- beforeMethodExecution -->
        <test-method status="PASS" signature="afterMethodExecution(org.testng.ITestResult)[pri:0, instance:com.focus.testcases.FooterValuesAndBarcodeValidationTest@887af79]" name="afterMethodExecution" is-config="true" duration-ms="0" started-at="2023-01-04T11:02:11Z" finished-at="2023-01-04T11:02:11Z">
          <params>
            <param index="0">
              <value>
                <![CDATA[[TestResult name=checkSaveExcessInStocksInUserLevel status=SUCCESS method=FooterValuesAndBarcodeValidationTest.checkSaveExcessInStocksInUserLevel()[pri:13027, instance:com.focus.testcases.FooterValuesAndBarcodeValidationTest@887af79] output=Completed executing following method : FooterValuesAndBarcodeValidationTest.checkSaveExcessInStocksInUserLevel]]]>
              </value>
            </param>
          </params>
          <reporter-output>
            <line>
              <![CDATA[Completed executing following method : BaseEngine.afterMethodExecution]]>
            </line>
          </reporter-output>
        </test-method> <!-- afterMethodExecution -->
        <test-method status="PASS" signature="beforeMethodExecution(java.lang.reflect.Method)[pri:0, instance:com.focus.testcases.FooterValuesAndBarcodeValidationTest@887af79]" name="beforeMethodExecution" is-config="true" duration-ms="1" started-at="2023-01-04T11:02:11Z" finished-at="2023-01-04T11:02:11Z">
          <params>
            <param index="0">
              <value>
                <![CDATA[public void com.focus.testcases.FooterValuesAndBarcodeValidationTest.checkPrintInExcessStocksInUserLevel() throws java.awt.AWTException,java.lang.Exception]]>
              </value>
            </param>
          </params>
          <reporter-output>
            <line>
              <![CDATA[Completed executing following method : BaseEngine.beforeMethodExecution]]>
            </line>
          </reporter-output>
        </test-method> <!-- beforeMethodExecution -->
        <test-method status="FAIL" signature="checkPrintInExcessStocksInUserLevel()[pri:13028, instance:com.focus.testcases.FooterValuesAndBarcodeValidationTest@887af79]" name="checkPrintInExcessStocksInUserLevel" duration-ms="34651" started-at="2023-01-04T11:02:11Z" finished-at="2023-01-04T11:02:46Z">
          <exception class="java.lang.IndexOutOfBoundsException">
            <message>
              <![CDATA[Index: 2, Size: 2]]>
            </message>
            <full-stacktrace>
              <![CDATA[java.lang.IndexOutOfBoundsException: Index: 2, Size: 2
	at java.util.ArrayList.rangeCheck(Unknown Source)
	at java.util.ArrayList.get(Unknown Source)
	at com.focus.Pages.VoucherPrintOptionsPage.checkPrintInExcessStocksInUserLevel(VoucherPrintOptionsPage.java:41855)
	at com.focus.testcases.FooterValuesAndBarcodeValidationTest.checkPrintInExcessStocksInUserLevel(FooterValuesAndBarcodeValidationTest.java:562)
	at sun.reflect.NativeMethodAccessorImpl.invoke0(Native Method)
	at sun.reflect.NativeMethodAccessorImpl.invoke(Unknown Source)
	at sun.reflect.DelegatingMethodAccessorImpl.invoke(Unknown Source)
	at java.lang.reflect.Method.invoke(Unknown Source)
	at org.testng.internal.MethodInvocationHelper.invokeMethod(MethodInvocationHelper.java:86)
	at org.testng.internal.Invoker.invokeMethod(Invoker.java:643)
	at org.testng.internal.Invoker.invokeTestMethod(Invoker.java:820)
	at org.testng.internal.Invoker.invokeTestMethods(Invoker.java:1128)
	at org.testng.internal.TestMethodWorker.invokeTestMethods(TestMethodWorker.java:129)
	at org.testng.internal.TestMethodWorker.run(TestMethodWorker.java:112)
	at org.testng.TestRunner.privateRun(TestRunner.java:782)
	at org.testng.TestRunner.run(TestRunner.java:632)
	at org.testng.SuiteRunner.runTest(SuiteRunner.java:366)
	at org.testng.SuiteRunner.runSequentially(SuiteRunner.java:361)
	at org.testng.SuiteRunner.privateRun(SuiteRunner.java:319)
	at org.testng.SuiteRunner.run(SuiteRunner.java:268)
	at org.testng.SuiteRunnerWorker.runSuite(SuiteRunnerWorker.java:52)
	at org.testng.SuiteRunnerWorker.run(SuiteRunnerWorker.java:86)
	at org.testng.TestNG.runSuitesSequentially(TestNG.java:1244)
	at org.testng.TestNG.runSuitesLocally(TestNG.java:1169)
	at org.testng.TestNG.run(TestNG.java:1064)
	at org.testng.remote.AbstractRemoteTestNG.run(AbstractRemoteTestNG.java:114)
	at org.testng.remote.RemoteTestNG.initAndRun(RemoteTestNG.java:251)
	at org.testng.remote.RemoteTestNG.main(RemoteTestNG.java:77)
]]>
            </full-stacktrace>
          </exception> <!-- java.lang.IndexOutOfBoundsException -->
          <reporter-output>
            <line>
              <![CDATA[Completed executing following method : FooterValuesAndBarcodeValidationTest.checkPrintInExcessStocksInUserLevel]]>
            </line>
            <line>
              <![CDATA[Test Method resides in com.focus.testcases.FooterValuesAndBarcodeValidationTest]]>
            </line>
            <line>
              <![CDATA[Test Status: Failed]]>
            </line>
            <line>
              <![CDATA[About to begin executing following method : BaseEngine.afterMethodExecution]]>
            </line>
          </reporter-output>
        </test-method> <!-- checkPrintInExcessStocksInUserLevel -->
        <test-method status="PASS" signature="afterMethodExecution(org.testng.ITestResult)[pri:0, instance:com.focus.testcases.FooterValuesAndBarcodeValidationTest@887af79]" name="afterMethodExecution" is-config="true" duration-ms="240" started-at="2023-01-04T11:02:46Z" finished-at="2023-01-04T11:02:46Z">
          <params>
            <param index="0">
              <value>
                <![CDATA[[TestResult name=checkPrintInExcessStocksInUserLevel status=FAILURE method=FooterValuesAndBarcodeValidationTest.checkPrintInExcessStocksInUserLevel()[pri:13028, instance:com.focus.testcases.FooterValuesAndBarcodeValidationTest@887af79] output=Completed executing following method : FooterValuesAndBarcodeValidationTest.checkPrintInExcessStocksInUserLevel]]]>
              </value>
            </param>
          </params>
          <reporter-output>
            <line>
              <![CDATA[Completed executing following method : BaseEngine.afterMethodExecution]]>
            </line>
          </reporter-output>
        </test-method> <!-- afterMethodExecution -->
        <test-method status="PASS" signature="checklogout()[pri:13030, instance:com.focus.testcases.FooterValuesAndBarcodeValidationTest@887af79]" name="checklogout" duration-ms="8561" started-at="2023-01-04T11:02:46Z" finished-at="2023-01-04T11:02:55Z">
          <reporter-output>
            <line>
              <![CDATA[Completed executing following method : FooterValuesAndBarcodeValidationTest.checklogout]]>
            </line>
            <line>
              <![CDATA[Test Method resides in com.focus.testcases.FooterValuesAndBarcodeValidationTest]]>
            </line>
            <line>
              <![CDATA[Test Status: Pass]]>
            </line>
            <line>
              <![CDATA[About to begin executing following method : BaseEngine.afterMethodExecution]]>
            </line>
          </reporter-output>
        </test-method> <!-- checklogout -->
        <test-method status="PASS" signature="beforeMethodExecution(java.lang.reflect.Method)[pri:0, instance:com.focus.testcases.FooterValuesAndBarcodeValidationTest@887af79]" name="beforeMethodExecution" is-config="true" duration-ms="0" started-at="2023-01-04T11:02:46Z" finished-at="2023-01-04T11:02:46Z">
          <params>
            <param index="0">
              <value>
                <![CDATA[public void com.focus.testcases.FooterValuesAndBarcodeValidationTest.checklogout() throws java.awt.AWTException,java.lang.Exception]]>
              </value>
            </param>
          </params>
          <reporter-output>
            <line>
              <![CDATA[Completed executing following method : BaseEngine.beforeMethodExecution]]>
            </line>
          </reporter-output>
        </test-method> <!-- beforeMethodExecution -->
        <test-method status="PASS" signature="afterMethodExecution(org.testng.ITestResult)[pri:0, instance:com.focus.testcases.FooterValuesAndBarcodeValidationTest@887af79]" name="afterMethodExecution" is-config="true" duration-ms="0" started-at="2023-01-04T11:02:55Z" finished-at="2023-01-04T11:02:55Z">
          <params>
            <param index="0">
              <value>
                <![CDATA[[TestResult name=checklogout status=SUCCESS method=FooterValuesAndBarcodeValidationTest.checklogout()[pri:13030, instance:com.focus.testcases.FooterValuesAndBarcodeValidationTest@887af79] output=Completed executing following method : FooterValuesAndBarcodeValidationTest.checklogout]]]>
              </value>
            </param>
          </params>
          <reporter-output>
            <line>
              <![CDATA[Completed executing following method : BaseEngine.afterMethodExecution]]>
            </line>
          </reporter-output>
        </test-method> <!-- afterMethodExecution -->
      </class> <!-- com.focus.testcases.FooterValuesAndBarcodeValidationTest -->
      <class name="com.focus.testcases.URLBrowserTest">
        <test-method status="PASS" signature="openBrowser(java.lang.String)[pri:0, instance:com.focus.testcases.URLBrowserTest@7b49cea0]" name="openBrowser" is-config="true" duration-ms="3389" started-at="2023-01-04T10:07:25Z" finished-at="2023-01-04T10:07:28Z">
          <params>
            <param index="0">
              <value>
                <![CDATA[chrome]]>
              </value>
            </param>
          </params>
          <reporter-output>
            <line>
              <![CDATA[Completed executing following method : BaseEngine.openBrowser]]>
            </line>
          </reporter-output>
        </test-method> <!-- openBrowser -->
        <test-method status="PASS" signature="intialiseReports()[pri:0, instance:com.focus.testcases.URLBrowserTest@7b49cea0]" name="intialiseReports" is-config="true" duration-ms="223" started-at="2023-01-04T10:07:28Z" finished-at="2023-01-04T10:07:28Z">
          <reporter-output>
            <line>
              <![CDATA[Completed executing following method : BaseEngine.intialiseReports]]>
            </line>
          </reporter-output>
        </test-method> <!-- intialiseReports -->
        <test-method status="PASS" signature="verifyBrowserOpen()[pri:1, instance:com.focus.testcases.URLBrowserTest@7b49cea0]" name="verifyBrowserOpen" duration-ms="9315" started-at="2023-01-04T10:07:28Z" finished-at="2023-01-04T10:07:38Z">
          <reporter-output>
            <line>
              <![CDATA[Completed executing following method : URLBrowserTest.verifyBrowserOpen]]>
            </line>
            <line>
              <![CDATA[Test Method resides in com.focus.testcases.URLBrowserTest]]>
            </line>
            <line>
              <![CDATA[Test Status: Pass]]>
            </line>
            <line>
              <![CDATA[About to begin executing following method : BaseEngine.afterMethodExecution]]>
            </line>
          </reporter-output>
        </test-method> <!-- verifyBrowserOpen -->
        <test-method status="PASS" signature="beforeMethodExecution(java.lang.reflect.Method)[pri:0, instance:com.focus.testcases.URLBrowserTest@7b49cea0]" name="beforeMethodExecution" is-config="true" duration-ms="0" started-at="2023-01-04T10:07:28Z" finished-at="2023-01-04T10:07:28Z">
          <params>
            <param index="0">
              <value>
                <![CDATA[public void com.focus.testcases.URLBrowserTest.verifyBrowserOpen() throws org.apache.poi.EncryptedDocumentException,org.apache.poi.openxml4j.exceptions.InvalidFormatException,java.io.IOException,java.lang.InterruptedException]]>
              </value>
            </param>
          </params>
          <reporter-output>
            <line>
              <![CDATA[Completed executing following method : BaseEngine.beforeMethodExecution]]>
            </line>
          </reporter-output>
        </test-method> <!-- beforeMethodExecution -->
        <test-method status="PASS" signature="checkLoginPageTitleByURLInputInBrowser()[pri:2, instance:com.focus.testcases.URLBrowserTest@7b49cea0]" name="checkLoginPageTitleByURLInputInBrowser" duration-ms="7324" started-at="2023-01-04T10:07:38Z" finished-at="2023-01-04T10:07:45Z">
          <reporter-output>
            <line>
              <![CDATA[Completed executing following method : URLBrowserTest.checkLoginPageTitleByURLInputInBrowser]]>
            </line>
            <line>
              <![CDATA[Test Method resides in com.focus.testcases.URLBrowserTest]]>
            </line>
            <line>
              <![CDATA[Test Status: Pass]]>
            </line>
            <line>
              <![CDATA[About to begin executing following method : BaseEngine.afterMethodExecution]]>
            </line>
          </reporter-output>
        </test-method> <!-- checkLoginPageTitleByURLInputInBrowser -->
        <test-method status="PASS" signature="afterMethodExecution(org.testng.ITestResult)[pri:0, instance:com.focus.testcases.URLBrowserTest@7b49cea0]" name="afterMethodExecution" is-config="true" duration-ms="0" started-at="2023-01-04T10:07:38Z" finished-at="2023-01-04T10:07:38Z">
          <params>
            <param index="0">
              <value>
                <![CDATA[[TestResult name=verifyBrowserOpen status=SUCCESS method=URLBrowserTest.verifyBrowserOpen()[pri:1, instance:com.focus.testcases.URLBrowserTest@7b49cea0] output=Completed executing following method : URLBrowserTest.verifyBrowserOpen]]]>
              </value>
            </param>
          </params>
          <reporter-output>
            <line>
              <![CDATA[Completed executing following method : BaseEngine.afterMethodExecution]]>
            </line>
          </reporter-output>
        </test-method> <!-- afterMethodExecution -->
        <test-method status="PASS" signature="beforeMethodExecution(java.lang.reflect.Method)[pri:0, instance:com.focus.testcases.URLBrowserTest@7b49cea0]" name="beforeMethodExecution" is-config="true" duration-ms="0" started-at="2023-01-04T10:07:38Z" finished-at="2023-01-04T10:07:38Z">
          <params>
            <param index="0">
              <value>
                <![CDATA[public void com.focus.testcases.URLBrowserTest.checkLoginPageTitleByURLInputInBrowser() throws org.apache.poi.EncryptedDocumentException,org.apache.poi.openxml4j.exceptions.InvalidFormatException,java.io.IOException,java.lang.InterruptedException]]>
              </value>
            </param>
          </params>
          <reporter-output>
            <line>
              <![CDATA[Completed executing following method : BaseEngine.beforeMethodExecution]]>
            </line>
          </reporter-output>
        </test-method> <!-- beforeMethodExecution -->
        <test-method status="PASS" signature="afterMethodExecution(org.testng.ITestResult)[pri:0, instance:com.focus.testcases.URLBrowserTest@7b49cea0]" name="afterMethodExecution" is-config="true" duration-ms="1" started-at="2023-01-04T10:07:45Z" finished-at="2023-01-04T10:07:45Z">
          <params>
            <param index="0">
              <value>
                <![CDATA[[TestResult name=checkLoginPageTitleByURLInputInBrowser status=SUCCESS method=URLBrowserTest.checkLoginPageTitleByURLInputInBrowser()[pri:2, instance:com.focus.testcases.URLBrowserTest@7b49cea0] output=Completed executing following method : URLBrowserTest.checkLoginPageTitleByURLInputInBrowser]]]>
              </value>
            </param>
          </params>
          <reporter-output>
            <line>
              <![CDATA[Completed executing following method : BaseEngine.afterMethodExecution]]>
            </line>
          </reporter-output>
        </test-method> <!-- afterMethodExecution -->
        <test-method status="PASS" signature="generateReports()[pri:0, instance:com.focus.testcases.URLBrowserTest@7b49cea0]" name="generateReports" is-config="true" duration-ms="296" started-at="2023-01-04T11:02:55Z" finished-at="2023-01-04T11:02:55Z">
          <reporter-output>
            <line>
              <![CDATA[Completed executing following method : BaseEngine.generateReports]]>
            </line>
          </reporter-output>
        </test-method> <!-- generateReports -->
      </class> <!-- com.focus.testcases.URLBrowserTest -->
    </test> <!-- Test -->
  </suite> <!-- Suite -->
</testng-results>
